xameraUnityMotorolaCompatible/unityLibrary/build/intermediates/manifest_merge_blame_file/release/processReleaseManifest/manifest-merger-blame-release-report.txt
1<?xml version="1.0" encoding="utf-8"?>
2<manifest xmlns:android="http://schemas.android.com/apk/res/android"
3    xmlns:tools="http://schemas.android.com/tools"
4    package="com.unity3d.player" >
5
6    <uses-sdk android:minSdkVersion="23" />
7
8    <uses-feature android:glEsVersion="0x00030000" />
8-->src\main\AndroidManifest.xml:3:3-52
8-->src\main\AndroidManifest.xml:3:17-49
9    <uses-feature
9-->src\main\AndroidManifest.xml:4:3-91
10        android:name="android.hardware.vulkan.version"
10-->src\main\AndroidManifest.xml:4:17-63
11        android:required="false" />
11-->src\main\AndroidManifest.xml:4:64-88
12    <uses-feature
12-->src\main\AndroidManifest.xml:5:3-88
13        android:name="android.hardware.touchscreen"
13-->src\main\AndroidManifest.xml:5:17-60
14        android:required="false" />
14-->src\main\AndroidManifest.xml:5:61-85
15
16    <application
16-->src\main\AndroidManifest.xml:6:3-26:17
17        android:enableOnBackInvokedCallback="false"
17-->src\main\AndroidManifest.xml:6:16-59
18        android:extractNativeLibs="true" >
18-->src\main\AndroidManifest.xml:6:60-92
19        <meta-data
19-->src\main\AndroidManifest.xml:7:5-69
20            android:name="unity.splash-mode"
20-->src\main\AndroidManifest.xml:7:16-48
21            android:value="0" />
21-->src\main\AndroidManifest.xml:7:49-66
22        <meta-data
22-->src\main\AndroidManifest.xml:8:5-74
23            android:name="unity.splash-enable"
23-->src\main\AndroidManifest.xml:8:16-50
24            android:value="True" />
24-->src\main\AndroidManifest.xml:8:51-71
25        <meta-data
25-->src\main\AndroidManifest.xml:9:5-78
26            android:name="unity.launch-fullscreen"
26-->src\main\AndroidManifest.xml:9:16-54
27            android:value="True" />
27-->src\main\AndroidManifest.xml:9:55-75
28        <meta-data
28-->src\main\AndroidManifest.xml:10:5-84
29            android:name="unity.render-outside-safearea"
29-->src\main\AndroidManifest.xml:10:16-60
30            android:value="True" />
30-->src\main\AndroidManifest.xml:10:61-81
31        <meta-data
31-->src\main\AndroidManifest.xml:11:5-81
32            android:name="notch.config"
32-->src\main\AndroidManifest.xml:11:16-43
33            android:value="portrait|landscape" />
33-->src\main\AndroidManifest.xml:11:44-78
34        <meta-data
34-->src\main\AndroidManifest.xml:12:5-84
35            android:name="unity.auto-report-fully-drawn"
35-->src\main\AndroidManifest.xml:12:16-60
36            android:value="true" />
36-->src\main\AndroidManifest.xml:12:61-81
37        <meta-data
37-->src\main\AndroidManifest.xml:13:5-80
38            android:name="unity.auto-set-game-state"
38-->src\main\AndroidManifest.xml:13:16-56
39            android:value="true" />
39-->src\main\AndroidManifest.xml:13:57-77
40        <meta-data
40-->src\main\AndroidManifest.xml:14:5-78
41            android:name="unity.strip-engine-code"
41-->src\main\AndroidManifest.xml:14:16-54
42            android:value="true" />
42-->src\main\AndroidManifest.xml:14:55-75
43
44        <activity
44-->src\main\AndroidManifest.xml:15:5-25:16
45            android:name="com.unity3d.player.UnityPlayerGameActivity"
45-->src\main\AndroidManifest.xml:15:312-369
46            android:configChanges="mcc|mnc|locale|touchscreen|keyboard|keyboardHidden|navigation|orientation|screenLayout|uiMode|screenSize|smallestScreenSize|fontScale|layoutDirection|density"
46-->src\main\AndroidManifest.xml:15:15-196
47            android:enabled="true"
47-->src\main\AndroidManifest.xml:15:197-219
48            android:exported="true"
48-->src\main\AndroidManifest.xml:15:220-243
49            android:hardwareAccelerated="false"
49-->src\main\AndroidManifest.xml:15:244-279
50            android:launchMode="singleTask"
50-->src\main\AndroidManifest.xml:15:280-311
51            android:resizeableActivity="true"
51-->src\main\AndroidManifest.xml:15:370-403
52            android:screenOrientation="fullUser"
52-->src\main\AndroidManifest.xml:15:404-440
53            android:theme="@style/BaseUnityGameActivityTheme" >
53-->src\main\AndroidManifest.xml:15:441-490
54            <intent-filter>
54-->src\main\AndroidManifest.xml:16:7-19:23
55                <category android:name="android.intent.category.LAUNCHER" />
55-->src\main\AndroidManifest.xml:17:9-69
55-->src\main\AndroidManifest.xml:17:19-66
56
57                <action android:name="android.intent.action.MAIN" />
57-->src\main\AndroidManifest.xml:18:9-61
57-->src\main\AndroidManifest.xml:18:17-58
58            </intent-filter>
59
60            <meta-data
60-->src\main\AndroidManifest.xml:20:7-82
61                android:name="unityplayer.UnityActivity"
61-->src\main\AndroidManifest.xml:20:18-58
62                android:value="true" />
62-->src\main\AndroidManifest.xml:20:59-79
63            <meta-data
63-->src\main\AndroidManifest.xml:21:7-77
64                android:name="android.app.lib_name"
64-->src\main\AndroidManifest.xml:21:18-53
65                android:value="game" />
65-->src\main\AndroidManifest.xml:21:54-74
66            <meta-data
66-->src\main\AndroidManifest.xml:22:7-130
67                android:name="WindowManagerPreference:FreeformWindowSize"
67-->src\main\AndroidManifest.xml:22:18-75
68                android:value="@string/FreeformWindowSize_maximize" />
68-->src\main\AndroidManifest.xml:22:76-127
69            <meta-data
69-->src\main\AndroidManifest.xml:23:7-145
70                android:name="WindowManagerPreference:FreeformWindowOrientation"
70-->src\main\AndroidManifest.xml:23:18-82
71                android:value="@string/FreeformWindowOrientation_landscape" />
71-->src\main\AndroidManifest.xml:23:83-142
72            <meta-data
72-->src\main\AndroidManifest.xml:24:7-70
73                android:name="notch_support"
73-->src\main\AndroidManifest.xml:24:18-46
74                android:value="true" />
74-->src\main\AndroidManifest.xml:24:47-67
75        </activity>
76    </application>
77
78</manifest>